[debug] [2022-11-29T14:25:25.043Z] ----------------------------------------------------------------------
[debug] [2022-11-29T14:25:25.045Z] Command:       C:\Program Files\nodejs\node.exe C:\Users\Sofikul\AppData\Roaming\npm\node_modules\firebase-tools\lib\bin\firebase.js init
[debug] [2022-11-29T14:25:25.045Z] CLI Version:   11.15.0
[debug] [2022-11-29T14:25:25.045Z] Platform:      win32
[debug] [2022-11-29T14:25:25.045Z] Node Version:  v16.15.1
[debug] [2022-11-29T14:25:25.046Z] Time:          Tue Nov 29 2022 20:25:25 GMT+0600 (Bangladesh Standard Time)
[debug] [2022-11-29T14:25:25.046Z] ----------------------------------------------------------------------
[debug] 
[debug] [2022-11-29T14:25:25.052Z] > command requires scopes: ["email","openid","https://www.googleapis.com/auth/cloudplatformprojects.readonly","https://www.googleapis.com/auth/firebase","https://www.googleapis.com/auth/cloud-platform"]
[debug] [2022-11-29T14:25:25.052Z] > authorizing via signed-in user (179398ssshofik@gmail.com)
[info] 
     ######## #### ########  ######## ########     ###     ######  ########
     ##        ##  ##     ## ##       ##     ##  ##   ##  ##       ##
     ######    ##  ########  ######   ########  #########  ######  ######
     ##        ##  ##    ##  ##       ##     ## ##     ##       ## ##
     ##       #### ##     ## ######## ########  ##     ##  ######  ########

You're about to initialize a Firebase project in this directory:

  C:\Projects\used-products-resale-clients-site

Before we get started, keep in mind:

  * You are currently outside your home directory

[info] 
=== Project Setup
[info] 
[info] First, let's associate this project directory with a Firebase project.
[info] You can create multiple project aliases by running firebase use --add, 
[info] but for now we'll just set up a default project.
[info] 
[debug] [2022-11-29T14:25:37.087Z] > refreshing access token with scopes: []
[debug] [2022-11-29T14:25:37.089Z] >>> [apiv2][query] POST https://www.googleapis.com/oauth2/v3/token [none]
[debug] [2022-11-29T14:25:37.089Z] >>> [apiv2][body] POST https://www.googleapis.com/oauth2/v3/token [omitted]
[debug] [2022-11-29T14:25:37.514Z] <<< [apiv2][status] POST https://www.googleapis.com/oauth2/v3/token 200
[debug] [2022-11-29T14:25:37.514Z] <<< [apiv2][body] POST https://www.googleapis.com/oauth2/v3/token [omitted]
[debug] [2022-11-29T14:25:37.520Z] >>> [apiv2][query] GET https://firebase.googleapis.com/v1beta1/projects pageSize=100
[debug] [2022-11-29T14:25:38.435Z] <<< [apiv2][status] GET https://firebase.googleapis.com/v1beta1/projects 200
[debug] [2022-11-29T14:25:38.435Z] <<< [apiv2][body] GET https://firebase.googleapis.com/v1beta1/projects [omitted]
[debug] [2022-11-29T14:26:48.359Z] ----------------------------------------------------------------------
[debug] [2022-11-29T14:26:48.361Z] Command:       C:\Program Files\nodejs\node.exe C:\Users\Sofikul\AppData\Roaming\npm\node_modules\firebase-tools\lib\bin\firebase.js init
[debug] [2022-11-29T14:26:48.361Z] CLI Version:   11.15.0
[debug] [2022-11-29T14:26:48.361Z] Platform:      win32
[debug] [2022-11-29T14:26:48.361Z] Node Version:  v16.15.1
[debug] [2022-11-29T14:26:48.362Z] Time:          Tue Nov 29 2022 20:26:48 GMT+0600 (Bangladesh Standard Time)
[debug] [2022-11-29T14:26:48.362Z] ----------------------------------------------------------------------
[debug] 
[debug] [2022-11-29T14:26:48.368Z] > command requires scopes: ["email","openid","https://www.googleapis.com/auth/cloudplatformprojects.readonly","https://www.googleapis.com/auth/firebase","https://www.googleapis.com/auth/cloud-platform"]
[debug] [2022-11-29T14:26:48.368Z] > authorizing via signed-in user (179398ssshofik@gmail.com)
[info] 
     ######## #### ########  ######## ########     ###     ######  ########
     ##        ##  ##     ## ##       ##     ##  ##   ##  ##       ##
     ######    ##  ########  ######   ########  #########  ######  ######
     ##        ##  ##    ##  ##       ##     ## ##     ##       ## ##
     ##       #### ##     ## ######## ########  ##     ##  ######  ########

You're about to initialize a Firebase project in this directory:

  C:\Projects\used-products-resale-clients-site

Before we get started, keep in mind:

  * You are currently outside your home directory

[info] 
=== Project Setup
[info] 
[info] First, let's associate this project directory with a Firebase project.
[info] You can create multiple project aliases by running firebase use --add, 
[info] but for now we'll just set up a default project.
[info] 
[debug] [2022-11-29T14:27:22.554Z] >>> [apiv2][query] GET https://firebase.googleapis.com/v1beta1/projects pageSize=100
[debug] [2022-11-29T14:27:23.487Z] <<< [apiv2][status] GET https://firebase.googleapis.com/v1beta1/projects 200
[debug] [2022-11-29T14:27:23.487Z] <<< [apiv2][body] GET https://firebase.googleapis.com/v1beta1/projects [omitted]
